<?xml version="1.0" encoding="UTF-8"?>
<!-- Generated by org.testng.reporters.JUnitReportReporter -->
<testsuite hostname="Raj" failures="0" tests="1" name="Qa.testcases.LoginPage" time="9.289" errors="0" timestamp="2023-09-23T16:17:08 IST" skipped="0">
  <testcase classname="Qa.testcases.LoginPage" name="verifyLoginWithValidCredentials" time="9.289"/>
</testsuite> <!-- Qa.testcases.LoginPage -->
